[2022-08-14T20:36:32.012] [ERROR] error - Pagina no encontrada /api/carritos/10
[2022-08-14T21:23:01.141] [ERROR] error - Pagina no encontrada /api/chats
[2022-08-15T01:37:09.793] [ERROR] error - Pagina no encontrada /api/prod
[2022-08-15T03:30:44.465] [ERROR] error - Pagina no encontrada /asdasd
[2022-08-15T03:30:57.428] [ERROR] error - Pagina no encontrada /asdasd
[2022-08-15T03:31:01.170] [ERROR] error - Pagina no encontrada /asdasd
[2022-08-15T18:57:39.411] [ERROR] error - Pagina no encontrada /api/randoms/cant
[2022-08-15T18:57:47.594] [ERROR] error - Pagina no encontrada /randoms/cant
[2022-08-15T18:58:06.295] [ERROR] error - Pagina no encontrada /randoms
[2022-08-15T20:47:18.490] [ERROR] error - Pagina no encontrada /api/carrito
[2022-08-15T20:47:24.055] [ERROR] error - Pagina no encontrada /api/carritos
[2022-08-15T20:47:37.015] [ERROR] error - Pagina no encontrada /api/carrito
[2022-08-15T20:49:44.180] [ERROR] error - Pagina no encontrada /api/carrito/62e2ec4f7fb23ea6eac98e03/productos
[2022-08-15T20:57:20.205] [ERROR] error - Pagina no encontrada /api/carritos/62ebf3aa8b8448aee1c87d06
[2022-08-16T01:01:36.456] [ERROR] error - Pagina no encontrada /api/carritos
[2022-08-17T04:19:07.169] [ERROR] error - Pagina no encontrada /Lalala@hotmail.com
[2022-08-17T04:20:14.136] [ERROR] error - Pagina no encontrada /admin/Lalala@hotmail.com
[2022-08-17T04:20:34.583] [ERROR] error - Pagina no encontrada /admin/Lalala@hotmail.com
[2022-08-17T04:22:57.829] [ERROR] error - Pagina no encontrada /admin/Lalala@hotmail.com
[2022-08-17T04:29:13.040] [ERROR] error - Pagina no encontrada /admin/Lalala@hotmail.com
[2022-08-17T04:35:17.829] [ERROR] error - Pagina no encontrada /admin/Lalala@hotmail.com
[2022-08-17T04:37:10.530] [ERROR] error - Pagina no encontrada /admin/Lalala@hotmail.com
[2022-08-17T04:37:43.593] [ERROR] error - Pagina no encontrada /admin/Lalala@hotmail.com
[2022-08-17T04:39:09.088] [ERROR] error - Pagina no encontrada /admin/Lalala@hotmail.com
[2022-08-17T04:40:27.592] [ERROR] error - Pagina no encontrada /admin/Lalala@hotmail.com
[2022-08-17T04:42:35.244] [ERROR] error - Pagina no encontrada /admin/Lalala@hotmail.com
[2022-08-17T04:43:37.043] [ERROR] error - Pagina no encontrada /admin/Lalala@hotmail.com
[2022-08-17T04:44:56.581] [ERROR] error - Pagina no encontrada /admin/Lalala@hotmail.com
[2022-08-17T04:47:13.364] [ERROR] error - Pagina no encontrada /admin/Lalala@hotmail.com
[2022-08-17T04:48:12.293] [ERROR] error - Pagina no encontrada /admin/Lalala@hotmail.com
[2022-08-17T04:48:58.967] [ERROR] error - Pagina no encontrada /admin/Lalala@hotmail.com
[2022-08-17T04:53:42.032] [ERROR] error - Pagina no encontrada /admin/Lalala@hotmail.com
[2022-08-17T04:53:47.865] [ERROR] error - Pagina no encontrada /admin/Lalala@hotmail.com
[2022-08-17T04:53:52.027] [ERROR] error - Pagina no encontrada /admin/Lalala@hotmail.com
[2022-08-17T04:53:57.810] [ERROR] error - Pagina no encontrada /admin/Lalala@hotmail.com
[2022-08-17T04:54:14.493] [ERROR] error - Pagina no encontrada /admin/Lalala@hotmail.com
[2022-08-17T04:57:00.586] [ERROR] error - Pagina no encontrada /admin/Lalala@hotmail.com
[2022-08-17T05:02:09.411] [ERROR] error - Pagina no encontrada /admin/Lalala@hotmail.com
[2022-08-17T05:03:27.408] [ERROR] error - Pagina no encontrada /admin/Lalala@hotmail.com
[2022-08-17T05:03:37.882] [ERROR] error - Pagina no encontrada /admin/Lalala@hotmail.com
[2022-08-17T05:04:00.822] [ERROR] error - Pagina no encontrada /admin/Lalala@hotmail.com
[2022-08-17T05:06:06.957] [ERROR] error - Pagina no encontrada /admin/Lalala@hotmail.com
[2022-08-17T05:07:44.410] [ERROR] error - Pagina no encontrada /admin/Lalala@hotmail.com
[2022-08-17T05:08:04.126] [ERROR] error - Pagina no encontrada /admin/Lalala@hotmail.com
[2022-08-17T05:09:33.978] [ERROR] error - Pagina no encontrada /admin/Lalala@hotmail.com
[2022-08-17T05:10:47.935] [ERROR] error - Pagina no encontrada /admin/Lalala@hotmail.com
[2022-08-17T05:11:18.299] [ERROR] error - Pagina no encontrada /admin/Lalala@hotmail.com
[2022-08-17T05:12:02.370] [ERROR] error - Pagina no encontrada /admin/Lalala@hotmail.com
[2022-08-17T05:12:13.609] [ERROR] error - Pagina no encontrada /admin/Lalala@hotmail.com
[2022-08-17T05:13:25.538] [ERROR] error - Pagina no encontrada /admin/Lalala@hotmail.com
[2022-08-17T17:55:34.087] [ERROR] error - Pagina no encontrada /Lalala@hotmail.com
[2022-08-17T17:56:38.048] [ERROR] error - Error: invalid_grant: Token has been expired or revoked.
    at C:\Users\Usuario\Documents\Programacion Coder\Programacion Backend\clase40\3RA_ENTREGA\node_modules\nodemailer\lib\xoauth2\index.js:272:33
    at PassThrough.<anonymous> (C:\Users\Usuario\Documents\Programacion Coder\Programacion Backend\clase40\3RA_ENTREGA\node_modules\nodemailer\lib\xoauth2\index.js:341:20)
    at Object.onceWrapper (node:events:509:28)
    at PassThrough.emit (node:events:390:28)
    at endReadableNT (node:internal/streams/readable:1343:12)
    at processTicksAndRejections (node:internal/process/task_queues:83:21) {
  code: 'EAUTH',
  command: 'AUTH XOAUTH2'
}
[2022-08-17T17:59:16.163] [ERROR] error - Pagina no encontrada /admin/Lalala@hotmail.com
[2022-08-17T18:03:39.342] [ERROR] error - Error: invalid_grant: Token has been expired or revoked.
    at C:\Users\Usuario\Documents\Programacion Coder\Programacion Backend\clase40\3RA_ENTREGA\node_modules\nodemailer\lib\xoauth2\index.js:272:33
    at PassThrough.<anonymous> (C:\Users\Usuario\Documents\Programacion Coder\Programacion Backend\clase40\3RA_ENTREGA\node_modules\nodemailer\lib\xoauth2\index.js:341:20)
    at Object.onceWrapper (node:events:509:28)
    at PassThrough.emit (node:events:390:28)
    at endReadableNT (node:internal/streams/readable:1343:12)
    at processTicksAndRejections (node:internal/process/task_queues:83:21) {
  code: 'EAUTH',
  command: 'AUTH XOAUTH2'
}
[2022-08-17T18:06:15.877] [ERROR] error - Error: invalid_grant: Token has been expired or revoked.
    at C:\Users\Usuario\Documents\Programacion Coder\Programacion Backend\clase40\3RA_ENTREGA\node_modules\nodemailer\lib\xoauth2\index.js:272:33
    at PassThrough.<anonymous> (C:\Users\Usuario\Documents\Programacion Coder\Programacion Backend\clase40\3RA_ENTREGA\node_modules\nodemailer\lib\xoauth2\index.js:341:20)
    at Object.onceWrapper (node:events:509:28)
    at PassThrough.emit (node:events:390:28)
    at endReadableNT (node:internal/streams/readable:1343:12)
    at processTicksAndRejections (node:internal/process/task_queues:83:21) {
  code: 'EAUTH',
  command: 'AUTH XOAUTH2'
}
[2022-08-17T18:06:27.381] [ERROR] error - Pagina no encontrada /admin/Lalala@hotmail.com
[2022-08-17T18:06:32.908] [ERROR] error - Pagina no encontrada /admin/Lalala@hotmail.com
[2022-08-17T18:07:11.805] [ERROR] error - Pagina no encontrada /admin/Lalala@hotmail.com
[2022-08-17T18:08:26.653] [ERROR] error - Pagina no encontrada /admin/Lalala@hotmail.com
[2022-08-17T18:11:36.195] [ERROR] error - Error: invalid_grant: Token has been expired or revoked.
    at C:\Users\Usuario\Documents\Programacion Coder\Programacion Backend\clase40\3RA_ENTREGA\node_modules\nodemailer\lib\xoauth2\index.js:272:33
    at PassThrough.<anonymous> (C:\Users\Usuario\Documents\Programacion Coder\Programacion Backend\clase40\3RA_ENTREGA\node_modules\nodemailer\lib\xoauth2\index.js:341:20)
    at Object.onceWrapper (node:events:509:28)
    at PassThrough.emit (node:events:390:28)
    at endReadableNT (node:internal/streams/readable:1343:12)
    at processTicksAndRejections (node:internal/process/task_queues:83:21) {
  code: 'EAUTH',
  command: 'AUTH XOAUTH2'
}
[2022-08-17T18:12:56.709] [ERROR] error - Pagina no encontrada /admin/Lalala@hotmail.com
[2022-08-17T18:13:07.521] [ERROR] error - Error: invalid_grant: Token has been expired or revoked.
    at C:\Users\Usuario\Documents\Programacion Coder\Programacion Backend\clase40\3RA_ENTREGA\node_modules\nodemailer\lib\xoauth2\index.js:272:33
    at PassThrough.<anonymous> (C:\Users\Usuario\Documents\Programacion Coder\Programacion Backend\clase40\3RA_ENTREGA\node_modules\nodemailer\lib\xoauth2\index.js:341:20)
    at Object.onceWrapper (node:events:509:28)
    at PassThrough.emit (node:events:390:28)
    at endReadableNT (node:internal/streams/readable:1343:12)
    at processTicksAndRejections (node:internal/process/task_queues:83:21) {
  code: 'EAUTH',
  command: 'AUTH XOAUTH2'
}
[2022-08-17T18:18:37.528] [ERROR] error - Pagina no encontrada /admin/Lalala@hotmail.com
[2022-08-17T18:19:32.144] [ERROR] error - Pagina no encontrada /admin/Lalala@hotmail.com
[2022-08-17T18:20:38.751] [ERROR] error - Pagina no encontrada /admin/Lalala@hotmail.com
[2022-08-17T18:21:09.700] [ERROR] error - Pagina no encontrada /admin/Lalala@hotmail.com
[2022-08-23T13:28:10.794] [ERROR] error - Pagina no encontrada /api/propuctos
[2022-08-28T17:22:01.917] [ERROR] error - Pagina no encontrada /graphiql.min.js.map
[2022-08-28T17:22:01.919] [ERROR] error - Pagina no encontrada /unfetch.umd.js.map
[2022-08-28T17:22:04.878] [ERROR] error - Pagina no encontrada /unfetch.umd.js.map
[2022-08-28T17:22:06.017] [ERROR] error - Pagina no encontrada /graphiql.min.js.map
[2022-08-28T17:26:37.502] [ERROR] error - Pagina no encontrada /unfetch.umd.js.map
[2022-08-28T17:26:37.559] [ERROR] error - Pagina no encontrada /graphiql.min.js.map
[2022-08-28T18:03:05.172] [ERROR] error - Pagina no encontrada /graphiql.min.js.map
[2022-08-28T18:03:05.305] [ERROR] error - Pagina no encontrada /unfetch.umd.js.map
[2022-09-19T20:53:00.536] [ERROR] error - Pagina no encontrada /foto.jpg
[2022-09-19T20:53:01.478] [ERROR] error - Pagina no encontrada /Lalala@hotmail.com
[2022-09-19T20:53:01.483] [ERROR] error - Pagina no encontrada /asdasadadd.com
[2022-09-19T20:53:13.998] [ERROR] error - Pagina no encontrada /foto.jpg
[2022-09-19T20:53:14.017] [ERROR] error - Pagina no encontrada /asdasadadd.com
[2022-09-19T20:53:14.022] [ERROR] error - Pagina no encontrada /Lalala@hotmail.com
[2022-09-19T20:53:24.069] [ERROR] error - Pagina no encontrada /admin/foto.jpg
[2022-09-19T20:53:24.104] [ERROR] error - Pagina no encontrada /admin/Lalala@hotmail.com
[2022-09-19T20:53:24.110] [ERROR] error - Pagina no encontrada /admin/asdasadadd.com
[2022-09-19T20:55:30.622] [ERROR] error - Pagina no encontrada /admin/asdasadadd.com
[2022-09-19T20:55:30.625] [ERROR] error - Pagina no encontrada /admin/Lalala@hotmail.com
[2022-09-19T20:58:00.862] [ERROR] error - Pagina no encontrada /admin/asdasadadd.com
[2022-09-19T20:58:00.869] [ERROR] error - Pagina no encontrada /admin/Lalala@hotmail.com
[2022-09-19T20:58:21.895] [ERROR] error - Pagina no encontrada /admin/Lalala@hotmail.com
[2022-09-19T20:58:21.909] [ERROR] error - Pagina no encontrada /admin/asdasadadd.com
[2022-09-19T21:03:58.135] [ERROR] error - Pagina no encontrada /admin/Lalala@hotmail.com
[2022-09-19T21:03:58.140] [ERROR] error - Pagina no encontrada /admin/asdasadadd.com
[2022-09-20T19:36:24.491] [ERROR] error - Pagina no encontrada /asdasadadd.com
[2022-09-20T19:36:24.494] [ERROR] error - Pagina no encontrada /Lalala@hotmail.com
[2022-09-20T19:36:31.858] [ERROR] error - Pagina no encontrada /asdasadadd.com
[2022-09-20T19:36:31.859] [ERROR] error - Pagina no encontrada /Lalala@hotmail.com
[2022-09-20T19:36:41.277] [ERROR] error - Pagina no encontrada /asdasadadd.com
[2022-09-20T19:36:41.279] [ERROR] error - Pagina no encontrada /Lalala@hotmail.com
[2022-09-20T19:36:58.641] [ERROR] error - Pagina no encontrada /admin/Lalala@hotmail.com
[2022-09-20T19:36:58.642] [ERROR] error - Pagina no encontrada /admin/asdasadadd.com
[2022-09-20T19:38:30.063] [ERROR] error - Pagina no encontrada /admin/Lalala@hotmail.com
[2022-09-20T19:38:30.065] [ERROR] error - Pagina no encontrada /admin/asdasadadd.com
[2022-09-20T19:38:37.201] [ERROR] error - Pagina no encontrada /admin/Lalala@hotmail.com
[2022-09-20T19:38:37.215] [ERROR] error - Pagina no encontrada /admin/asdasadadd.com
[2022-09-20T19:38:44.759] [ERROR] error - Pagina no encontrada /admin/asdasadadd.com
[2022-09-20T19:38:44.767] [ERROR] error - Pagina no encontrada /admin/Lalala@hotmail.com
[2022-09-20T19:52:46.373] [ERROR] error - Pagina no encontrada /admin/asdasadadd.com
[2022-09-20T19:52:46.381] [ERROR] error - Pagina no encontrada /admin/Lalala@hotmail.com
[2022-09-20T20:02:46.255] [ERROR] error - Pagina no encontrada /admin/Lalala@hotmail.com
[2022-09-20T20:02:46.264] [ERROR] error - Pagina no encontrada /admin/asdasadadd.com
[2022-09-20T20:03:40.576] [ERROR] error - Pagina no encontrada /admin/Lalala@hotmail.com
[2022-09-20T20:03:40.581] [ERROR] error - Pagina no encontrada /admin/asdasadadd.com
[2022-09-23T23:06:28.567] [ERROR] error - Pagina no encontrada /asdasadadd.com
[2022-09-23T23:06:28.575] [ERROR] error - Pagina no encontrada /Lalala@hotmail.com
[2022-09-23T23:06:41.695] [ERROR] error - Pagina no encontrada /admin/Lalala@hotmail.com
[2022-09-23T23:06:41.719] [ERROR] error - Pagina no encontrada /admin/asdasadadd.com
[2022-09-23T23:12:16.191] [ERROR] error - Pagina no encontrada /admin/Lalala@hotmail.com
[2022-09-23T23:12:16.197] [ERROR] error - Pagina no encontrada /admin/asdasadadd.com
[2022-09-23T23:12:21.129] [ERROR] error - Pagina no encontrada /admin/Lalala@hotmail.com
[2022-09-23T23:12:21.137] [ERROR] error - Pagina no encontrada /admin/asdasadadd.com
[2022-09-25T01:30:18.312] [ERROR] error - Pagina no encontrada /asdasadadd.com
[2022-09-25T01:30:18.322] [ERROR] error - Pagina no encontrada /Lalala@hotmail.com
[2022-09-25T01:30:48.101] [ERROR] error - Error: invalid_grant: Token has been expired or revoked.
    at C:\Users\Usuario\Documents\Programacion Coder\Programacion Backend\clase44\graphql\node_modules\nodemailer\lib\xoauth2\index.js:272:33
    at PassThrough.<anonymous> (C:\Users\Usuario\Documents\Programacion Coder\Programacion Backend\clase44\graphql\node_modules\nodemailer\lib\xoauth2\index.js:341:20)
    at Object.onceWrapper (node:events:509:28)
    at PassThrough.emit (node:events:390:28)
    at endReadableNT (node:internal/streams/readable:1343:12)
    at processTicksAndRejections (node:internal/process/task_queues:83:21) {
  code: 'EAUTH',
  command: 'AUTH XOAUTH2'
}
[2022-09-25T01:31:55.893] [ERROR] error - Pagina no encontrada /admin/asdasadadd.com
[2022-09-25T01:31:55.896] [ERROR] error - Pagina no encontrada /admin/Lalala@hotmail.com
[2022-09-25T01:32:42.966] [ERROR] error - Error: invalid_grant: Token has been expired or revoked.
    at C:\Users\Usuario\Documents\Programacion Coder\Programacion Backend\clase44\graphql\node_modules\nodemailer\lib\xoauth2\index.js:272:33
    at PassThrough.<anonymous> (C:\Users\Usuario\Documents\Programacion Coder\Programacion Backend\clase44\graphql\node_modules\nodemailer\lib\xoauth2\index.js:341:20)
    at Object.onceWrapper (node:events:509:28)
    at PassThrough.emit (node:events:390:28)
    at endReadableNT (node:internal/streams/readable:1343:12)
    at processTicksAndRejections (node:internal/process/task_queues:83:21) {
  code: 'EAUTH',
  command: 'AUTH XOAUTH2'
}
[2022-09-25T01:36:28.371] [ERROR] error - Pagina no encontrada /admin/Lalala@hotmail.com
[2022-09-25T01:36:28.378] [ERROR] error - Pagina no encontrada /admin/asdasadadd.com
[2022-09-25T01:36:37.790] [ERROR] error - Error: invalid_grant: Token has been expired or revoked.
    at C:\Users\Usuario\Documents\Programacion Coder\Programacion Backend\clase44\graphql\node_modules\nodemailer\lib\xoauth2\index.js:272:33
    at PassThrough.<anonymous> (C:\Users\Usuario\Documents\Programacion Coder\Programacion Backend\clase44\graphql\node_modules\nodemailer\lib\xoauth2\index.js:341:20)
    at Object.onceWrapper (node:events:509:28)
    at PassThrough.emit (node:events:390:28)
    at endReadableNT (node:internal/streams/readable:1343:12)
    at processTicksAndRejections (node:internal/process/task_queues:83:21) {
  code: 'EAUTH',
  command: 'AUTH XOAUTH2'
}
[2022-09-25T01:37:36.803] [ERROR] error - Pagina no encontrada /admin/Lalala@hotmail.com
[2022-09-25T01:37:36.816] [ERROR] error - Pagina no encontrada /admin/asdasadadd.com
[2022-09-25T01:37:55.455] [ERROR] error - Error: invalid_grant: Token has been expired or revoked.
    at C:\Users\Usuario\Documents\Programacion Coder\Programacion Backend\clase44\graphql\node_modules\nodemailer\lib\xoauth2\index.js:272:33
    at PassThrough.<anonymous> (C:\Users\Usuario\Documents\Programacion Coder\Programacion Backend\clase44\graphql\node_modules\nodemailer\lib\xoauth2\index.js:341:20)
    at Object.onceWrapper (node:events:509:28)
    at PassThrough.emit (node:events:390:28)
    at endReadableNT (node:internal/streams/readable:1343:12)
    at processTicksAndRejections (node:internal/process/task_queues:83:21) {
  code: 'EAUTH',
  command: 'AUTH XOAUTH2'
}
[2022-09-25T01:40:42.089] [ERROR] error - Pagina no encontrada /admin/Lalala@hotmail.com
[2022-09-25T01:40:42.103] [ERROR] error - Pagina no encontrada /admin/asdasadadd.com
[2022-09-25T01:40:51.126] [ERROR] error - Error: invalid_grant: Token has been expired or revoked.
    at C:\Users\Usuario\Documents\Programacion Coder\Programacion Backend\clase44\graphql\node_modules\nodemailer\lib\xoauth2\index.js:272:33
    at PassThrough.<anonymous> (C:\Users\Usuario\Documents\Programacion Coder\Programacion Backend\clase44\graphql\node_modules\nodemailer\lib\xoauth2\index.js:341:20)
    at Object.onceWrapper (node:events:509:28)
    at PassThrough.emit (node:events:390:28)
    at endReadableNT (node:internal/streams/readable:1343:12)
    at processTicksAndRejections (node:internal/process/task_queues:83:21) {
  code: 'EAUTH',
  command: 'AUTH XOAUTH2'
}
[2022-09-25T01:43:48.657] [ERROR] error - Pagina no encontrada /admin/Lalala@hotmail.com
[2022-09-25T01:43:48.677] [ERROR] error - Pagina no encontrada /admin/asdasadadd.com
[2022-09-25T01:43:56.817] [ERROR] error - Error: invalid_grant: Token has been expired or revoked.
    at C:\Users\Usuario\Documents\Programacion Coder\Programacion Backend\clase44\graphql\node_modules\nodemailer\lib\xoauth2\index.js:272:33
    at PassThrough.<anonymous> (C:\Users\Usuario\Documents\Programacion Coder\Programacion Backend\clase44\graphql\node_modules\nodemailer\lib\xoauth2\index.js:341:20)
    at Object.onceWrapper (node:events:509:28)
    at PassThrough.emit (node:events:390:28)
    at endReadableNT (node:internal/streams/readable:1343:12)
    at processTicksAndRejections (node:internal/process/task_queues:83:21) {
  code: 'EAUTH',
  command: 'AUTH XOAUTH2'
}
[2022-09-25T01:45:42.019] [ERROR] error - Pagina no encontrada /admin/Lalala@hotmail.com
[2022-09-25T01:45:42.031] [ERROR] error - Pagina no encontrada /admin/asdasadadd.com
[2022-09-25T01:45:50.724] [ERROR] error - Error: invalid_grant: Token has been expired or revoked.
    at C:\Users\Usuario\Documents\Programacion Coder\Programacion Backend\clase44\graphql\node_modules\nodemailer\lib\xoauth2\index.js:272:33
    at PassThrough.<anonymous> (C:\Users\Usuario\Documents\Programacion Coder\Programacion Backend\clase44\graphql\node_modules\nodemailer\lib\xoauth2\index.js:341:20)
    at Object.onceWrapper (node:events:509:28)
    at PassThrough.emit (node:events:390:28)
    at endReadableNT (node:internal/streams/readable:1343:12)
    at processTicksAndRejections (node:internal/process/task_queues:83:21) {
  code: 'EAUTH',
  command: 'AUTH XOAUTH2'
}
[2022-09-25T02:13:00.544] [ERROR] error - Pagina no encontrada /Lalala@hotmail.com
[2022-09-25T02:13:00.558] [ERROR] error - Pagina no encontrada /asdasadadd.com
[2022-09-25T02:13:11.793] [ERROR] error - Error: invalid_grant: Token has been expired or revoked.
    at C:\Users\Usuario\Documents\Programacion Coder\Programacion Backend\clase44\graphql\node_modules\nodemailer\lib\xoauth2\index.js:272:33
    at PassThrough.<anonymous> (C:\Users\Usuario\Documents\Programacion Coder\Programacion Backend\clase44\graphql\node_modules\nodemailer\lib\xoauth2\index.js:341:20)
    at Object.onceWrapper (node:events:509:28)
    at PassThrough.emit (node:events:390:28)
    at endReadableNT (node:internal/streams/readable:1343:12)
    at processTicksAndRejections (node:internal/process/task_queues:83:21) {
  code: 'EAUTH',
  command: 'AUTH XOAUTH2'
}
[2022-09-25T02:15:57.552] [ERROR] error - Pagina no encontrada /admin/Lalala@hotmail.com
[2022-09-25T02:15:58.590] [ERROR] error - Pagina no encontrada /admin/asdasadadd.com
[2022-09-25T02:18:07.362] [ERROR] error - Pagina no encontrada /admin/asdasadadd.com
[2022-09-25T02:18:07.376] [ERROR] error - Pagina no encontrada /admin/Lalala@hotmail.com
[2022-09-25T02:18:14.067] [ERROR] error - Error: invalid_grant: Token has been expired or revoked.
    at C:\Users\Usuario\Documents\Programacion Coder\Programacion Backend\clase44\graphql\node_modules\nodemailer\lib\xoauth2\index.js:272:33
    at PassThrough.<anonymous> (C:\Users\Usuario\Documents\Programacion Coder\Programacion Backend\clase44\graphql\node_modules\nodemailer\lib\xoauth2\index.js:341:20)
    at Object.onceWrapper (node:events:509:28)
    at PassThrough.emit (node:events:390:28)
    at endReadableNT (node:internal/streams/readable:1343:12)
    at processTicksAndRejections (node:internal/process/task_queues:83:21) {
  code: 'EAUTH',
  command: 'AUTH XOAUTH2'
}
[2022-09-25T02:21:47.872] [ERROR] error - Pagina no encontrada /admin/Lalala@hotmail.com
[2022-09-25T02:21:47.893] [ERROR] error - Pagina no encontrada /admin/asdasadadd.com
[2022-09-25T02:22:00.643] [ERROR] error - Error: invalid_grant: Token has been expired or revoked.
    at C:\Users\Usuario\Documents\Programacion Coder\Programacion Backend\clase44\graphql\node_modules\nodemailer\lib\xoauth2\index.js:272:33
    at PassThrough.<anonymous> (C:\Users\Usuario\Documents\Programacion Coder\Programacion Backend\clase44\graphql\node_modules\nodemailer\lib\xoauth2\index.js:341:20)
    at Object.onceWrapper (node:events:509:28)
    at PassThrough.emit (node:events:390:28)
    at endReadableNT (node:internal/streams/readable:1343:12)
    at processTicksAndRejections (node:internal/process/task_queues:83:21) {
  code: 'EAUTH',
  command: 'AUTH XOAUTH2'
}
[2022-09-25T02:24:14.933] [ERROR] error - Pagina no encontrada /admin/asdasadadd.com
[2022-09-25T02:24:14.942] [ERROR] error - Pagina no encontrada /admin/Lalala@hotmail.com
[2022-09-25T02:24:54.279] [ERROR] error - Error: invalid_grant: Token has been expired or revoked.
    at C:\Users\Usuario\Documents\Programacion Coder\Programacion Backend\clase44\graphql\node_modules\nodemailer\lib\xoauth2\index.js:272:33
    at PassThrough.<anonymous> (C:\Users\Usuario\Documents\Programacion Coder\Programacion Backend\clase44\graphql\node_modules\nodemailer\lib\xoauth2\index.js:341:20)
    at Object.onceWrapper (node:events:509:28)
    at PassThrough.emit (node:events:390:28)
    at endReadableNT (node:internal/streams/readable:1343:12)
    at processTicksAndRejections (node:internal/process/task_queues:83:21) {
  code: 'EAUTH',
  command: 'AUTH XOAUTH2'
}
[2022-09-25T02:28:54.273] [ERROR] error - Pagina no encontrada /admin/asdasadadd.com
[2022-09-25T02:28:54.283] [ERROR] error - Pagina no encontrada /admin/Lalala@hotmail.com
[2022-09-25T02:29:03.626] [ERROR] error - Error: invalid_grant: Token has been expired or revoked.
    at C:\Users\Usuario\Documents\Programacion Coder\Programacion Backend\clase44\graphql\node_modules\nodemailer\lib\xoauth2\index.js:272:33
    at PassThrough.<anonymous> (C:\Users\Usuario\Documents\Programacion Coder\Programacion Backend\clase44\graphql\node_modules\nodemailer\lib\xoauth2\index.js:341:20)
    at Object.onceWrapper (node:events:509:28)
    at PassThrough.emit (node:events:390:28)
    at endReadableNT (node:internal/streams/readable:1343:12)
    at processTicksAndRejections (node:internal/process/task_queues:83:21) {
  code: 'EAUTH',
  command: 'AUTH XOAUTH2'
}
[2022-09-25T02:30:50.090] [ERROR] error - Pagina no encontrada /admin/asdasadadd.com
[2022-09-25T02:30:50.093] [ERROR] error - Pagina no encontrada /admin/Lalala@hotmail.com
[2022-09-25T02:31:05.717] [ERROR] error - Pagina no encontrada /admin/Lalala@hotmail.com
[2022-09-25T02:31:05.728] [ERROR] error - Pagina no encontrada /admin/asdasadadd.com
[2022-09-25T02:31:20.924] [ERROR] error - Error: invalid_grant: Token has been expired or revoked.
    at C:\Users\Usuario\Documents\Programacion Coder\Programacion Backend\clase44\graphql\node_modules\nodemailer\lib\xoauth2\index.js:272:33
    at PassThrough.<anonymous> (C:\Users\Usuario\Documents\Programacion Coder\Programacion Backend\clase44\graphql\node_modules\nodemailer\lib\xoauth2\index.js:341:20)
    at Object.onceWrapper (node:events:509:28)
    at PassThrough.emit (node:events:390:28)
    at endReadableNT (node:internal/streams/readable:1343:12)
    at processTicksAndRejections (node:internal/process/task_queues:83:21) {
  code: 'EAUTH',
  command: 'AUTH XOAUTH2'
}
[2022-09-25T02:33:02.926] [ERROR] error - Pagina no encontrada /admin/Lalala@hotmail.com
[2022-09-25T02:33:03.852] [ERROR] error - Pagina no encontrada /admin/asdasadadd.com
[2022-09-25T02:33:10.543] [ERROR] error - Error: invalid_grant: Token has been expired or revoked.
    at C:\Users\Usuario\Documents\Programacion Coder\Programacion Backend\clase44\graphql\node_modules\nodemailer\lib\xoauth2\index.js:272:33
    at PassThrough.<anonymous> (C:\Users\Usuario\Documents\Programacion Coder\Programacion Backend\clase44\graphql\node_modules\nodemailer\lib\xoauth2\index.js:341:20)
    at Object.onceWrapper (node:events:509:28)
    at PassThrough.emit (node:events:390:28)
    at endReadableNT (node:internal/streams/readable:1343:12)
    at processTicksAndRejections (node:internal/process/task_queues:83:21) {
  code: 'EAUTH',
  command: 'AUTH XOAUTH2'
}
[2022-09-25T02:34:21.482] [ERROR] error - Pagina no encontrada /admin/Lalala@hotmail.com
[2022-09-25T02:34:21.901] [ERROR] error - Pagina no encontrada /admin/asdasadadd.com
[2022-09-25T02:34:36.288] [ERROR] error - Error: invalid_grant: Token has been expired or revoked.
    at C:\Users\Usuario\Documents\Programacion Coder\Programacion Backend\clase44\graphql\node_modules\nodemailer\lib\xoauth2\index.js:272:33
    at PassThrough.<anonymous> (C:\Users\Usuario\Documents\Programacion Coder\Programacion Backend\clase44\graphql\node_modules\nodemailer\lib\xoauth2\index.js:341:20)
    at Object.onceWrapper (node:events:509:28)
    at PassThrough.emit (node:events:390:28)
    at endReadableNT (node:internal/streams/readable:1343:12)
    at processTicksAndRejections (node:internal/process/task_queues:83:21) {
  code: 'EAUTH',
  command: 'AUTH XOAUTH2'
}
[2022-09-25T02:35:58.423] [ERROR] error - Pagina no encontrada /admin/Lalala@hotmail.com
[2022-09-25T02:35:58.432] [ERROR] error - Pagina no encontrada /admin/asdasadadd.com
[2022-09-25T02:36:12.798] [ERROR] error - Error: invalid_grant: Token has been expired or revoked.
    at C:\Users\Usuario\Documents\Programacion Coder\Programacion Backend\clase44\graphql\node_modules\nodemailer\lib\xoauth2\index.js:272:33
    at PassThrough.<anonymous> (C:\Users\Usuario\Documents\Programacion Coder\Programacion Backend\clase44\graphql\node_modules\nodemailer\lib\xoauth2\index.js:341:20)
    at Object.onceWrapper (node:events:509:28)
    at PassThrough.emit (node:events:390:28)
    at endReadableNT (node:internal/streams/readable:1343:12)
    at processTicksAndRejections (node:internal/process/task_queues:83:21) {
  code: 'EAUTH',
  command: 'AUTH XOAUTH2'
}
[2022-09-25T02:51:46.660] [ERROR] error - Pagina no encontrada /Lalala@hotmail.com
[2022-09-25T02:51:46.670] [ERROR] error - Pagina no encontrada /asdasadadd.com
[2022-09-25T02:51:56.681] [ERROR] error - Error: invalid_grant: Token has been expired or revoked.
    at C:\Users\Usuario\Documents\Programacion Coder\Programacion Backend\clase44\graphql\node_modules\nodemailer\lib\xoauth2\index.js:272:33
    at PassThrough.<anonymous> (C:\Users\Usuario\Documents\Programacion Coder\Programacion Backend\clase44\graphql\node_modules\nodemailer\lib\xoauth2\index.js:341:20)
    at Object.onceWrapper (node:events:509:28)
    at PassThrough.emit (node:events:390:28)
    at endReadableNT (node:internal/streams/readable:1343:12)
    at processTicksAndRejections (node:internal/process/task_queues:83:21) {
  code: 'EAUTH',
  command: 'AUTH XOAUTH2'
}
[2022-09-25T02:56:46.045] [ERROR] error - Pagina no encontrada /admin/Lalala@hotmail.com
[2022-09-25T02:56:47.039] [ERROR] error - Pagina no encontrada /admin/asdasadadd.com
[2022-09-25T02:57:00.131] [ERROR] error - Error: invalid_grant: Token has been expired or revoked.
    at C:\Users\Usuario\Documents\Programacion Coder\Programacion Backend\clase44\graphql\node_modules\nodemailer\lib\xoauth2\index.js:272:33
    at PassThrough.<anonymous> (C:\Users\Usuario\Documents\Programacion Coder\Programacion Backend\clase44\graphql\node_modules\nodemailer\lib\xoauth2\index.js:341:20)
    at Object.onceWrapper (node:events:509:28)
    at PassThrough.emit (node:events:390:28)
    at endReadableNT (node:internal/streams/readable:1343:12)
    at processTicksAndRejections (node:internal/process/task_queues:83:21) {
  code: 'EAUTH',
  command: 'AUTH XOAUTH2'
}
[2022-09-25T03:09:35.260] [ERROR] error - Pagina no encontrada /Lalala@hotmail.com
[2022-09-25T03:09:35.278] [ERROR] error - Pagina no encontrada /asdasadadd.com
[2022-09-25T03:12:15.503] [ERROR] error - Error: invalid_grant: Token has been expired or revoked.
    at C:\Users\Usuario\Documents\Programacion Coder\Programacion Backend\clase44\graphql\node_modules\nodemailer\lib\xoauth2\index.js:272:33
    at PassThrough.<anonymous> (C:\Users\Usuario\Documents\Programacion Coder\Programacion Backend\clase44\graphql\node_modules\nodemailer\lib\xoauth2\index.js:341:20)
    at Object.onceWrapper (node:events:509:28)
    at PassThrough.emit (node:events:390:28)
    at endReadableNT (node:internal/streams/readable:1343:12)
    at processTicksAndRejections (node:internal/process/task_queues:83:21) {
  code: 'EAUTH',
  command: 'AUTH XOAUTH2'
}
[2022-09-25T03:12:53.543] [ERROR] error - Pagina no encontrada /admin/Lalala@hotmail.com
[2022-09-25T03:12:53.557] [ERROR] error - Pagina no encontrada /admin/asdasadadd.com
[2022-09-25T03:13:07.049] [ERROR] error - Error: invalid_grant: Token has been expired or revoked.
    at C:\Users\Usuario\Documents\Programacion Coder\Programacion Backend\clase44\graphql\node_modules\nodemailer\lib\xoauth2\index.js:272:33
    at PassThrough.<anonymous> (C:\Users\Usuario\Documents\Programacion Coder\Programacion Backend\clase44\graphql\node_modules\nodemailer\lib\xoauth2\index.js:341:20)
    at Object.onceWrapper (node:events:509:28)
    at PassThrough.emit (node:events:390:28)
    at endReadableNT (node:internal/streams/readable:1343:12)
    at processTicksAndRejections (node:internal/process/task_queues:83:21) {
  code: 'EAUTH',
  command: 'AUTH XOAUTH2'
}
[2022-09-25T03:17:24.823] [ERROR] error - Pagina no encontrada /admin/Lalala@hotmail.com
[2022-09-25T03:17:24.832] [ERROR] error - Pagina no encontrada /admin/asdasadadd.com
[2022-09-25T03:17:37.665] [ERROR] error - Error: invalid_grant: Token has been expired or revoked.
    at C:\Users\Usuario\Documents\Programacion Coder\Programacion Backend\clase44\graphql\node_modules\nodemailer\lib\xoauth2\index.js:272:33
    at PassThrough.<anonymous> (C:\Users\Usuario\Documents\Programacion Coder\Programacion Backend\clase44\graphql\node_modules\nodemailer\lib\xoauth2\index.js:341:20)
    at Object.onceWrapper (node:events:509:28)
    at PassThrough.emit (node:events:390:28)
    at endReadableNT (node:internal/streams/readable:1343:12)
    at processTicksAndRejections (node:internal/process/task_queues:83:21) {
  code: 'EAUTH',
  command: 'AUTH XOAUTH2'
}
[2022-09-25T03:18:19.012] [ERROR] error - Pagina no encontrada /admin/Lalala@hotmail.com
[2022-09-25T03:18:19.033] [ERROR] error - Pagina no encontrada /admin/asdasadadd.com
[2022-09-25T03:18:29.359] [ERROR] error - Error: invalid_grant: Token has been expired or revoked.
    at C:\Users\Usuario\Documents\Programacion Coder\Programacion Backend\clase44\graphql\node_modules\nodemailer\lib\xoauth2\index.js:272:33
    at PassThrough.<anonymous> (C:\Users\Usuario\Documents\Programacion Coder\Programacion Backend\clase44\graphql\node_modules\nodemailer\lib\xoauth2\index.js:341:20)
    at Object.onceWrapper (node:events:509:28)
    at PassThrough.emit (node:events:390:28)
    at endReadableNT (node:internal/streams/readable:1343:12)
    at processTicksAndRejections (node:internal/process/task_queues:83:21) {
  code: 'EAUTH',
  command: 'AUTH XOAUTH2'
}
[2022-09-25T03:21:46.298] [ERROR] error - Pagina no encontrada /admin/Lalala@hotmail.com
[2022-09-25T03:21:46.308] [ERROR] error - Pagina no encontrada /admin/asdasadadd.com
[2022-09-25T03:26:04.450] [ERROR] error - Pagina no encontrada /admin/Lalala@hotmail.com
[2022-09-25T03:26:05.363] [ERROR] error - Pagina no encontrada /admin/asdasadadd.com
[2022-09-25T03:27:18.199] [ERROR] error - Pagina no encontrada /admin/Lalala@hotmail.com
[2022-09-25T03:27:19.105] [ERROR] error - Pagina no encontrada /admin/asdasadadd.com
[2022-09-25T03:29:06.477] [ERROR] error - Pagina no encontrada /admin/Lalala@hotmail.com
[2022-09-25T03:29:06.491] [ERROR] error - Pagina no encontrada /admin/asdasadadd.com
[2022-09-25T03:31:30.683] [ERROR] error - Pagina no encontrada /admin/asdasadadd.com
[2022-09-25T03:31:30.687] [ERROR] error - Pagina no encontrada /admin/Lalala@hotmail.com
[2022-09-25T03:31:40.807] [ERROR] error - Pagina no encontrada /admin/Lalala@hotmail.com
[2022-09-25T03:31:40.819] [ERROR] error - Pagina no encontrada /admin/asdasadadd.com
[2022-09-25T03:33:41.817] [ERROR] error - Pagina no encontrada /admin/Lalala@hotmail.com
[2022-09-25T03:33:41.830] [ERROR] error - Pagina no encontrada /admin/asdasadadd.com
[2022-09-25T03:35:28.367] [ERROR] error - Pagina no encontrada /admin/Lalala@hotmail.com
[2022-09-25T03:35:28.378] [ERROR] error - Pagina no encontrada /admin/asdasadadd.com
[2022-09-25T03:35:34.567] [ERROR] error - Pagina no encontrada /admin/asdasadadd.com
[2022-09-25T03:35:34.569] [ERROR] error - Pagina no encontrada /admin/Lalala@hotmail.com
[2022-09-25T03:36:22.022] [ERROR] error - Pagina no encontrada /admin/asdasadadd.com
[2022-09-25T03:36:22.026] [ERROR] error - Pagina no encontrada /admin/Lalala@hotmail.com
[2022-09-25T03:36:29.271] [ERROR] error - Pagina no encontrada /admin/asdasadadd.com
[2022-09-25T03:36:29.277] [ERROR] error - Pagina no encontrada /admin/Lalala@hotmail.com
[2022-09-25T03:37:14.119] [ERROR] error - Pagina no encontrada /admin/Lalala@hotmail.com
[2022-09-25T03:37:14.137] [ERROR] error - Pagina no encontrada /admin/asdasadadd.com
[2022-09-25T03:43:30.510] [ERROR] error - Pagina no encontrada /admin/Lalala@hotmail.com
[2022-09-25T03:43:30.528] [ERROR] error - Pagina no encontrada /admin/asdasadadd.com
[2022-09-25T03:46:31.088] [ERROR] error - Pagina no encontrada /admin/asdasadadd.com
[2022-09-25T03:46:31.112] [ERROR] error - Pagina no encontrada /admin/Lalala@hotmail.com
[2022-09-25T03:47:55.033] [ERROR] error - Pagina no encontrada /admin/Lalala@hotmail.com
[2022-09-25T03:47:55.046] [ERROR] error - Pagina no encontrada /admin/asdasadadd.com
[2022-09-25T03:48:09.296] [ERROR] error - Pagina no encontrada /admin/Lalala@hotmail.com
[2022-09-25T03:48:09.317] [ERROR] error - Pagina no encontrada /admin/asdasadadd.com
[2022-09-25T03:51:27.401] [ERROR] error - Pagina no encontrada /admin/Lalala@hotmail.com
[2022-09-25T03:51:27.419] [ERROR] error - Pagina no encontrada /admin/asdasadadd.com
[2022-09-25T03:51:37.418] [ERROR] error - Pagina no encontrada /admin/Lalala@hotmail.com
[2022-09-25T03:51:37.447] [ERROR] error - Pagina no encontrada /admin/asdasadadd.com
[2022-09-25T03:53:04.485] [ERROR] error - Pagina no encontrada /admin/asdasadadd.com
[2022-09-25T03:53:04.497] [ERROR] error - Pagina no encontrada /admin/Lalala@hotmail.com
[2022-09-25T03:53:22.583] [ERROR] error - Pagina no encontrada /admin/Lalala@hotmail.com
[2022-09-25T03:53:22.612] [ERROR] error - Pagina no encontrada /admin/asdasadadd.com
[2022-09-25T03:53:43.694] [ERROR] error - Pagina no encontrada /admin/Lalala@hotmail.com
[2022-09-25T03:53:43.709] [ERROR] error - Pagina no encontrada /admin/asdasadadd.com
[2022-09-26T21:56:50.452] [ERROR] error - Pagina no encontrada /Lalala@hotmail.com
[2022-09-26T21:56:50.469] [ERROR] error - Pagina no encontrada /asdasadadd.com
[2022-09-26T21:57:05.556] [ERROR] error - Error: invalid_grant: Bad Request
    at C:\Users\Usuario\Documents\Programacion Coder\Programacion Backend\clase44\graphql\node_modules\nodemailer\lib\xoauth2\index.js:272:33
    at PassThrough.<anonymous> (C:\Users\Usuario\Documents\Programacion Coder\Programacion Backend\clase44\graphql\node_modules\nodemailer\lib\xoauth2\index.js:341:20)
    at Object.onceWrapper (node:events:509:28)
    at PassThrough.emit (node:events:390:28)
    at endReadableNT (node:internal/streams/readable:1343:12)
    at processTicksAndRejections (node:internal/process/task_queues:83:21) {
  code: 'EAUTH',
  command: 'AUTH XOAUTH2'
}
[2022-09-26T21:58:52.542] [ERROR] error - Pagina no encontrada /admin/Lalala@hotmail.com
[2022-09-26T21:58:52.556] [ERROR] error - Pagina no encontrada /admin/asdasadadd.com
[2022-09-26T22:06:37.926] [ERROR] error - Pagina no encontrada /admin/Lalala@hotmail.com
[2022-09-26T22:06:38.835] [ERROR] error - Pagina no encontrada /admin/asdasadadd.com
[2022-09-26T22:08:35.239] [ERROR] error - Pagina no encontrada /admin/Lalala@hotmail.com
[2022-09-26T22:08:36.179] [ERROR] error - Pagina no encontrada /admin/asdasadadd.com
[2022-09-26T22:09:50.835] [ERROR] error - Pagina no encontrada /admin/Lalala@hotmail.com
[2022-09-26T22:09:51.709] [ERROR] error - Pagina no encontrada /admin/asdasadadd.com
[2022-09-26T22:10:05.926] [ERROR] error - Pagina no encontrada /admin/Lalala@hotmail.com
[2022-09-26T22:10:06.860] [ERROR] error - Pagina no encontrada /admin/asdasadadd.com
[2022-09-26T22:12:12.018] [ERROR] error - Pagina no encontrada /api/ordenes
[2022-09-26T22:13:04.361] [ERROR] error - Pagina no encontrada /admin/Lalala@hotmail.com
[2022-09-26T22:13:05.270] [ERROR] error - Pagina no encontrada /admin/asdasadadd.com
[2022-09-26T22:15:27.532] [ERROR] error - Pagina no encontrada /admin/asdasadadd.com
[2022-09-26T22:15:27.545] [ERROR] error - Pagina no encontrada /admin/Lalala@hotmail.com
[2022-09-26T22:15:33.554] [ERROR] error - Pagina no encontrada /admin/Lalala@hotmail.com
[2022-09-26T22:15:33.560] [ERROR] error - Pagina no encontrada /admin/asdasadadd.com
